<?xml version="1.0" encoding="UTF-8" ?>
<testsuite tests="2" failures="1" name="virtusatest.FirstTest" time="21.305" errors="0" skipped="0">
  <properties>
    <property name="jansi.mode" value="force"/>
    <property name="java.runtime.name" value="OpenJDK Runtime Environment"/>
    <property name="java.vm.version" value="17.0.2+8-86"/>
    <property name="sun.boot.library.path" value="C:\Intel\Open JDK 17.0.2\jdk-17.0.2\bin"/>
    <property name="maven.multiModuleProjectDirectory" value="C:\Users\SANTHOSHSRINIVASAN\eclipse-workspace\virtusa"/>
    <property name="java.vm.vendor" value="Oracle Corporation"/>
    <property name="java.vendor.url" value="https://java.oracle.com/"/>
    <property name="guice.disable.misplaced.annotation.check" value="true"/>
    <property name="path.separator" value=";"/>
    <property name="java.vm.name" value="OpenJDK 64-Bit Server VM"/>
    <property name="sun.os.patch.level" value=""/>
    <property name="user.script" value=""/>
    <property name="user.country" value="US"/>
    <property name="sun.java.launcher" value="SUN_STANDARD"/>
    <property name="java.vm.specification.name" value="Java Virtual Machine Specification"/>
    <property name="user.dir" value="C:\Users\SANTHOSHSRINIVASAN\eclipse-workspace\virtusa"/>
    <property name="java.vm.compressedOopsMode" value="Zero based"/>
    <property name="java.runtime.version" value="17.0.2+8-86"/>
    <property name="os.arch" value="amd64"/>
    <property name="java.io.tmpdir" value="C:\Users\SANTHO~1\AppData\Local\Temp\"/>
    <property name="line.separator" value="
"/>
    <property name="java.vm.specification.vendor" value="Oracle Corporation"/>
    <property name="user.variant" value=""/>
    <property name="os.name" value="Windows 11"/>
    <property name="classworlds.conf" value="C:\Users\SANTHOSHSRINIVASAN\eclipse-workspace\.metadata\.plugins\org.eclipse.m2e.launching\launches\m2conf10861197518197831573.tmp"/>
    <property name="sun.jnu.encoding" value="Cp1252"/>
    <property name="java.library.path" value="C:\Intel\Open JDK 17.0.2\jdk-17.0.2\bin;C:\WINDOWS\Sun\Java\bin;C:\WINDOWS\system32;C:\WINDOWS;C:/Intel/Eclipse Java 2022-12-R/Eclipse Java 2022-12-R//plugins/org.eclipse.justj.openjdk.hotspot.jre.full.win32.x86_64_17.0.5.v20221102-0933/jre/bin/server;C:/Intel/Eclipse Java 2022-12-R/Eclipse Java 2022-12-R//plugins/org.eclipse.justj.openjdk.hotspot.jre.full.win32.x86_64_17.0.5.v20221102-0933/jre/bin;C:\Program Files\Python310\Scripts\;C:\Program Files\Python310\;C:\WINDOWS\system32;C:\WINDOWS;C:\WINDOWS\System32\Wbem;C:\WINDOWS\System32\WindowsPowerShell\v1.0\;C:\WINDOWS\System32\OpenSSH\;C:\Windows\CCM;C:\Program Files\Microsoft VS Code\bin;C:\WINDOWS\system32\config\systemprofile\AppData\Local\Microsoft\WindowsApps;C:\WINDOWS\system32;C:\WINDOWS;C:\WINDOWS\System32\Wbem;C:\WINDOWS\System32\WindowsPowerShell\v1.0\;C:\WINDOWS\System32\OpenSSH\;C:\apache-maven-3.8.6-bin\apache-maven-3.8.6\bin\;C:\Users\SANTHOSHSRINIVASAN\Documents\SW\apache-tomcat-9.0.70\bin;C:\Users\SANTHOSHSRINIVASAN\Downloads\nvm-noinstall;C:\Program Files\nodejs;C:\Users\SANTHOSHSRINIVASAN\Documents\SW\terraform_1.5.0;C:\Program Files\Amazon\AWSCLIV2\;C:\Program Files\nodejs\;C:\Program Files\Git\cmd;C:\Program Files (x86)\Google\Cloud SDK\google-cloud-sdk\bin;C:\Program Files\PuTTY\;C:\Users\SANTHOSHSRINIVASAN\AppData\Local\Microsoft\WindowsApps;C:\Program Files\nodejs;C:\apache-maven-3.8.6-bin\apache-maven-3.8.6\bin;C:\Users\SANTHOSHSRINIVASAN\Documents\SW\jdk-17_windows-x64_bin\jdk-17.0.6\bin;C:\Users\SANTHOSHSRINIVASAN\Documents\SW\terraform_1.5.0;C:\Users\SANTHOSHSRINIVASAN\AppData\Roaming\npm;;C:\Intel\Eclipse Java 2022-12-R\Eclipse Java 2022-12-R;;."/>
    <property name="jdk.debug" value="release"/>
    <property name="java.class.version" value="61.0"/>
    <property name="java.specification.name" value="Java Platform API Specification"/>
    <property name="sun.management.compiler" value="HotSpot 64-Bit Tiered Compilers"/>
    <property name="os.version" value="10.0"/>
    <property name="user.home" value="C:\Users\SANTHOSHSRINIVASAN"/>
    <property name="user.timezone" value="Asia/Calcutta"/>
    <property name="file.encoding" value="UTF-8"/>
    <property name="java.specification.version" value="17"/>
    <property name="user.name" value="SANTHOSHSRINIVASAN"/>
    <property name="java.class.path" value="C:\Intel\Eclipse Java 2022-12-R\Eclipse Java 2022-12-R\plugins\org.eclipse.m2e.maven.runtime_3.8.604.20221130-2149\jars\plexus-classworlds-2.6.0.jar"/>
    <property name="java.vm.specification.version" value="17"/>
    <property name="sun.arch.data.model" value="64"/>
    <property name="sun.java.command" value="org.codehaus.plexus.classworlds.launcher.Launcher -B -Dstyle.color=always test"/>
    <property name="java.home" value="C:\Intel\Open JDK 17.0.2\jdk-17.0.2"/>
    <property name="user.language" value="en"/>
    <property name="java.specification.vendor" value="Oracle Corporation"/>
    <property name="java.vm.info" value="mixed mode, sharing"/>
    <property name="java.version" value="17.0.2"/>
    <property name="native.encoding" value="Cp1252"/>
    <property name="java.vendor" value="Oracle Corporation"/>
    <property name="maven.home" value="C:\Users\SANTHOSHSRINIVASAN\eclipse-workspace\virtusa\EMBEDDED"/>
    <property name="style.color" value="always"/>
    <property name="file.separator" value="\"/>
    <property name="java.version.date" value="2022-01-18"/>
    <property name="java.vendor.url.bug" value="https://bugreport.java.com/bugreport/"/>
    <property name="sun.io.unicode.encoding" value="UnicodeLittle"/>
    <property name="sun.cpu.endian" value="little"/>
    <property name="m2e.build.project.data.socket.port" value="62943"/>
    <property name="sun.cpu.isalist" value="amd64"/>
  </properties>
  <testcase classname="virtusatest.FirstTest" name="firstTestCase" time="15.023"/>
  <testcase classname="virtusatest.FirstTest" name="secondTestCase" time="6.282">
    <failure message="expected [Google] but found [Googles]" type="java.lang.AssertionError">java.lang.AssertionError: expected [Google] but found [Googles]
	at org.testng.Assert.fail(Assert.java:110)
	at org.testng.Assert.failNotEquals(Assert.java:1577)
	at org.testng.Assert.assertEqualsImpl(Assert.java:149)
	at org.testng.Assert.assertEquals(Assert.java:131)
	at org.testng.Assert.assertEquals(Assert.java:655)
	at org.testng.Assert.assertEquals(Assert.java:665)
	at virtusatest.FirstTest.secondTestCase(FirstTest.java:49)
</failure>
    <system-out>Launch Google
</system-out>
  </testcase>
</testsuite>